<?xml version="1.0" encoding="UTF-8"?>
<testng-results ignored="0" total="1" passed="1" failed="0" skipped="0">
  <reporter-output>
  </reporter-output>
  <suite started-at="2023-08-05T07:15:15 IST" name="Suite" finished-at="2023-08-05T07:16:30 IST" duration-ms="74586">
    <groups>
    </groups>
    <test started-at="2023-08-05T07:15:15 IST" name="Test" finished-at="2023-08-05T07:16:30 IST" duration-ms="74586">
      <class name="Mobileauto.emulatorDevice">
        <test-method signature="lunchbrowser()[pri:0, instance:Mobileauto.emulatorDevice@5e600dd5]" started-at="2023-08-05T07:15:15 IST" name="lunchbrowser" finished-at="2023-08-05T07:16:30 IST" duration-ms="74542" status="PASS">
          <reporter-output>
          </reporter-output>
        </test-method> <!-- lunchbrowser -->
      </class> <!-- Mobileauto.emulatorDevice -->
    </test> <!-- Test -->
  </suite> <!-- Suite -->
</testng-results>
