<?xml version="1.0" encoding="UTF-8"?>
<testsuite xmlns:xsi="http://www.w3.org/2001/XMLSchema-instance" xsi:noNamespaceSchemaLocation="https://maven.apache.org/surefire/maven-surefire-plugin/xsd/surefire-test-report-3.0.xsd" version="3.0" name="TestSuite" time="76.137" tests="1" errors="0" skipped="0" failures="0">
  <properties>
[...]
</properties>
  <testcase name="lunchbrowser" classname="Mobileauto.emulatorDevice" time="74.547">
    <system-out><![CDATA[&amp#27;[35m[Appium]&amp#27;[39m Welcome to Appium v2.0.0-rc.5 (REV HEAD)
&amp#27;[35m[Appium]&amp#27;[39m Non-default server args:
&amp#27;[35m[Appium]&amp#27;[39m { address: &amp#27;[32m'127.0.0.1'&amp#27;[39m }
&amp#27;[35m[Appium]&amp#27;[39m Attempting to load driver uiautomator2...
[debug] &amp#27;[35m[Appium]&amp#27;[39m Requiring driver at C:\Users\nasee\node_modules\appium-uiautomator2-driver
&amp#27;[35m[Appium]&amp#27;[39m Appium REST http interface listener started on http://127.0.0.1:4723
&amp#27;[35m[Appium]&amp#27;[39m Available drivers:
&amp#27;[35m[Appium]&amp#27;[39m   - uiautomator2@2.29.2 (automationName 'UiAutomator2')
&amp#27;[35m[Appium]&amp#27;[39m No plugins have been installed. Use the "appium plugin" command to install the one(s) you want to use.
&amp#27;[38;5;0m[HTTP]&amp#27;[0m &amp#27;[37m-->&amp#27;[39m &amp#27;[37mGET&amp#27;[39m &amp#27;[37m/status&amp#27;[39m
&amp#27;[38;5;0m[HTTP]&amp#27;[0m &amp#27;[90m{}&amp#27;[39m
[debug] &amp#27;[38;5;16m[AppiumDriver@a1c3]&amp#27;[0m Calling AppiumDriver.getStatus() with args: []
[debug] &amp#27;[38;5;16m[AppiumDriver@a1c3]&amp#27;[0m Responding to client with driver.getStatus() result: {"build":{"version":"2.0.0-rc.5","git-sha":"HEAD"}}
&amp#27;[38;5;0m[HTTP]&amp#27;[0m &amp#27;[37m<-- GET /status &amp#27;[39m&amp#27;[32m200&amp#27;[39m &amp#27;[90m6 ms - 61&amp#27;[39m
&amp#27;[38;5;0m[HTTP]&amp#27;[0m &amp#27;[90m&amp#27;[39m
Raif
[debug] &amp#27;[38;5;0m[HTTP]&amp#27;[0m Request idempotency key: 72bd08ba-ac2e-444e-9950-2fedf7015681
&amp#27;[38;5;0m[HTTP]&amp#27;[0m &amp#27;[37m-->&amp#27;[39m &amp#27;[37mPOST&amp#27;[39m &amp#27;[37m/session&amp#27;[39m
&amp#27;[38;5;0m[HTTP]&amp#27;[0m &amp#27;[90m{"capabilities":{"firstMatch":[{}],"alwaysMatch":{"appium:app":"C:\\Users\\nasee\\OneDrive\\Documents\\eclipse-workspace\\MobileStudio\\resurce\\android_apis_v0.4.apk","appium:autoAcceptAlerts":true,"appium:automationName":"UiAutomator2","appium:avd":"Pixel_6","appium:avdLaunchTimeout":120000,"appium:avdReadyTimeout":60000,"appium:deviceName":"pixel_6","appium:no-reset":" false","appium:platformVersion":"28","appium:resetKeyboard":false,"appium:udid":"emulator-5554","appium:unicodeKeyboard":false,"platformName":"android"}}}&amp#27;[39m
[debug] &amp#27;[38;5;16m[AppiumDriver@a1c3]&amp#27;[0m Calling AppiumDriver.createSession() with args: [null,null,{"firstMatch":[{}],"alwaysMatch":{"appium:app":"C:\\Users\\nasee\\OneDrive\\Documents\\eclipse-workspace\\MobileStudio\\resurce\\android_apis_v0.4.apk","appium:autoAcceptAlerts":true,"appium:automationName":"UiAutomator2","appium:avd":"Pixel_6","appium:avdLaunchTimeout":120000,"appium:avdReadyTimeout":60000,"appium:deviceName":"pixel_6","appium:no-reset":" false","appium:platformVersion":"28","appium:resetKeyboard":false,"appium:udid":"emulator-5554","appium:unicodeKeyboard":false,"platformName":"android"}}]
[debug] &amp#27;[38;5;16m[AppiumDriver@a1c3]&amp#27;[0m Event 'newSessionRequested' logged at 1691199924433 (07:15:24 GMT+0530 (India Standard Time))
&amp#27;[35m[Appium]&amp#27;[39m Attempting to find matching driver for automationName 'UiAutomator2' and platformName 'android'
&amp#27;[35m[Appium]&amp#27;[39m The 'uiautomator2' driver was installed and matched caps.
&amp#27;[35m[Appium]&amp#27;[39m Will require it at C:\Users\nasee\node_modules\appium-uiautomator2-driver
[debug] &amp#27;[35m[Appium]&amp#27;[39m Requiring driver at C:\Users\nasee\node_modules\appium-uiautomator2-driver
&amp#27;[38;5;16m[AppiumDriver@a1c3]&amp#27;[0m Appium v2.0.0-rc.5 creating new AndroidUiautomator2Driver (v2.29.2) session
&amp#27;[38;5;16m[AppiumDriver@a1c3]&amp#27;[0m Checking BaseDriver versions for Appium and AndroidUiautomator2Driver
&amp#27;[38;5;16m[AppiumDriver@a1c3]&amp#27;[0m Appium's BaseDriver version is 9.3.15
&amp#27;[38;5;16m[AppiumDriver@a1c3]&amp#27;[0m AndroidUiautomator2Driver's BaseDriver version is 9.3.15
[debug] &amp#27;[38;5;32m[AndroidUiautomator2Driver@7f2d]&amp#27;[0m Creating session with W3C capabilities: {
[debug] &amp#27;[38;5;32m[AndroidUiautomator2Driver@7f2d]&amp#27;[0m   "alwaysMatch": {
[debug] &amp#27;[38;5;32m[AndroidUiautomator2Driver@7f2d]&amp#27;[0m     "platformName": "android",
[debug] &amp#27;[38;5;32m[AndroidUiautomator2Driver@7f2d]&amp#27;[0m     "appium:app": "C:\\Users\\nasee\\OneDrive\\Documents\\eclipse-workspace\\MobileStudio\\resurce\\android_apis_v0.4.apk",
[debug] &amp#27;[38;5;32m[AndroidUiautomator2Driver@7f2d]&amp#27;[0m     "appium:autoAcceptAlerts": true,
[debug] &amp#27;[38;5;32m[AndroidUiautomator2Driver@7f2d]&amp#27;[0m     "appium:automationName": "UiAutomator2",
[debug] &amp#27;[38;5;32m[AndroidUiautomator2Driver@7f2d]&amp#27;[0m     "appium:avd": "Pixel_6",
[debug] &amp#27;[38;5;32m[AndroidUiautomator2Driver@7f2d]&amp#27;[0m     "appium:avdLaunchTimeout": 120000,
[debug] &amp#27;[38;5;32m[AndroidUiautomator2Driver@7f2d]&amp#27;[0m     "appium:avdReadyTimeout": 60000,
[debug] &amp#27;[38;5;32m[AndroidUiautomator2Driver@7f2d]&amp#27;[0m     "appium:deviceName": "pixel_6",
[debug] &amp#27;[38;5;32m[AndroidUiautomator2Driver@7f2d]&amp#27;[0m     "appium:no-reset": " false",
[debug] &amp#27;[38;5;32m[AndroidUiautomator2Driver@7f2d]&amp#27;[0m     "appium:platformVersion": "28",
[debug] &amp#27;[38;5;32m[AndroidUiautomator2Driver@7f2d]&amp#27;[0m     "appium:resetKeyboard": false,
[debug] &amp#27;[38;5;32m[AndroidUiautomator2Driver@7f2d]&amp#27;[0m     "appium:udid": "emulator-5554",
[debug] &amp#27;[38;5;32m[AndroidUiautomator2Driver@7f2d]&amp#27;[0m     "appium:unicodeKeyboard": false
[debug] &amp#27;[38;5;32m[AndroidUiautomator2Driver@7f2d]&amp#27;[0m   },
[debug] &amp#27;[38;5;32m[AndroidUiautomator2Driver@7f2d]&amp#27;[0m   "firstMatch": [
[debug] &amp#27;[38;5;32m[AndroidUiautomator2Driver@7f2d]&amp#27;[0m     {}
[debug] &amp#27;[38;5;32m[AndroidUiautomator2Driver@7f2d]&amp#27;[0m   ]
[debug] &amp#27;[38;5;32m[AndroidUiautomator2Driver@7f2d]&amp#27;[0m }
&amp#27;[38;5;32m[AndroidUiautomator2Driver@7f2d]&amp#27;[0m The following capabilities were provided, but are not recognized by Appium:
&amp#27;[38;5;32m[AndroidUiautomator2Driver@7f2d]&amp#27;[0m   autoAcceptAlerts
&amp#27;[38;5;32m[AndroidUiautomator2Driver@7f2d]&amp#27;[0m   deviceName
&amp#27;[38;5;32m[AndroidUiautomator2Driver@7f2d]&amp#27;[0m   no-reset
&amp#27;[38;5;32m[AndroidUiautomator2Driver@7f2d (73149194)]&amp#27;[0m Session created with session id: 73149194-a137-4f64-b408-6248d080a2e4
&amp#27;[38;5;48m[BaseDriver]&amp#27;[0m Using local app 'C:\Users\nasee\OneDrive\Documents\eclipse-workspace\MobileStudio\resurce\android_apis_v0.4.apk'
[debug] &amp#27;[38;5;32m[AndroidUiautomator2Driver@7f2d (73149194)]&amp#27;[0m Checking whether app is actually present
&amp#27;[38;5;64m[ADB]&amp#27;[0m Found 1 'build-tools' folders under 'C:\Users\nasee\AppData\Local\Android\Sdk' (newest first):
&amp#27;[38;5;64m[ADB]&amp#27;[0m     C:/Users/nasee/AppData/Local/Android/Sdk/build-tools/34.0.0
&amp#27;[38;5;64m[ADB]&amp#27;[0m Using 'adb.exe' from 'C:\Users\nasee\AppData\Local\Android\Sdk\platform-tools\adb.exe'
[debug] &amp#27;[38;5;64m[ADB]&amp#27;[0m Running 'C:\Users\nasee\AppData\Local\Android\Sdk\platform-tools\adb.exe -P 5037 start-server'
[debug] &amp#27;[38;5;64m[ADB]&amp#27;[0m Trying to find 'Pixel_6' emulator
[debug] &amp#27;[38;5;64m[ADB]&amp#27;[0m Getting connected emulators
[debug] &amp#27;[38;5;64m[ADB]&amp#27;[0m Getting connected devices
[debug] &amp#27;[38;5;64m[ADB]&amp#27;[0m No connected devices have been detected
[debug] &amp#27;[38;5;64m[ADB]&amp#27;[0m 0 emulators connected
[debug] &amp#27;[38;5;64m[ADB]&amp#27;[0m Emulator 'Pixel_6' not running
[debug] &amp#27;[38;5;64m[ADB]&amp#27;[0m Trying to find 'Pixel_6' emulator
[debug] &amp#27;[38;5;64m[ADB]&amp#27;[0m Getting connected emulators
[debug] &amp#27;[38;5;64m[ADB]&amp#27;[0m Getting connected devices
[debug] &amp#27;[38;5;64m[ADB]&amp#27;[0m No connected devices have been detected
[debug] &amp#27;[38;5;64m[ADB]&amp#27;[0m 0 emulators connected
[debug] &amp#27;[38;5;64m[ADB]&amp#27;[0m Emulator 'Pixel_6' not running
[debug] &amp#27;[38;5;64m[ADB]&amp#27;[0m Trying to find 'Pixel_6' emulator
[debug] &amp#27;[38;5;64m[ADB]&amp#27;[0m Getting connected emulators
[debug] &amp#27;[38;5;64m[ADB]&amp#27;[0m Getting connected devices
[debug] &amp#27;[38;5;64m[ADB]&amp#27;[0m No connected devices have been detected
[debug] &amp#27;[38;5;64m[ADB]&amp#27;[0m 0 emulators connected
[debug] &amp#27;[38;5;64m[ADB]&amp#27;[0m Emulator 'Pixel_6' not running
[debug] &amp#27;[38;5;64m[ADB]&amp#27;[0m Trying to find 'Pixel_6' emulator
[debug] &amp#27;[38;5;64m[ADB]&amp#27;[0m Getting connected emulators
[debug] &amp#27;[38;5;64m[ADB]&amp#27;[0m Getting connected devices
[debug] &amp#27;[38;5;64m[ADB]&amp#27;[0m No connected devices have been detected
[debug] &amp#27;[38;5;64m[ADB]&amp#27;[0m 0 emulators connected
[debug] &amp#27;[38;5;64m[ADB]&amp#27;[0m Emulator 'Pixel_6' not running
[debug] &amp#27;[38;5;64m[ADB]&amp#27;[0m Trying to find 'Pixel_6' emulator
[debug] &amp#27;[38;5;64m[ADB]&amp#27;[0m Getting connected emulators
[debug] &amp#27;[38;5;64m[ADB]&amp#27;[0m Getting connected devices
[debug] &amp#27;[38;5;64m[ADB]&amp#27;[0m No connected devices have been detected
[debug] &amp#27;[38;5;64m[ADB]&amp#27;[0m 0 emulators connected
[debug] &amp#27;[38;5;64m[ADB]&amp#27;[0m Emulator 'Pixel_6' not running
[debug] &amp#27;[38;5;64m[ADB]&amp#27;[0m Trying to find 'Pixel_6' emulator
[debug] &amp#27;[38;5;64m[ADB]&amp#27;[0m Getting connected emulators
[debug] &amp#27;[38;5;64m[ADB]&amp#27;[0m Getting connected devices
[debug] &amp#27;[38;5;64m[ADB]&amp#27;[0m No connected devices have been detected
[debug] &amp#27;[38;5;64m[ADB]&amp#27;[0m 0 emulators connected
[debug] &amp#27;[38;5;64m[ADB]&amp#27;[0m Emulator 'Pixel_6' not running
[debug] &amp#27;[38;5;80m[AndroidDriver]&amp#27;[0m Emulator 'Pixel_6' is not running: Error getting AVD with retry. Original error: Condition unmet after 5030 ms. Timing out.
[debug] &amp#27;[38;5;64m[ADB]&amp#27;[0m Launching Emulator with AVD Pixel_6, launchTimeout 120000ms and readyTimeout 60000ms
&amp#27;[38;5;64m[ADB]&amp#27;[0m Using 'emulator.exe' from 'C:\Users\nasee\AppData\Local\Android\Sdk\emulator\emulator.exe'
[debug] &amp#27;[38;5;64m[ADB]&amp#27;[0m Running 'C:\Users\nasee\AppData\Local\Android\Sdk\emulator\emulator.exe' with args: -avd Pixel_6 -delay-adb
[debug] &amp#27;[38;5;64m[ADB]&amp#27;[0m Trying to find 'Pixel_6' emulator
[debug] &amp#27;[38;5;64m[ADB]&amp#27;[0m Getting connected emulators
[debug] &amp#27;[38;5;64m[ADB]&amp#27;[0m Getting connected devices
&amp#27;[38;5;64m[ADB]&amp#27;[0m [AVD OUTPUT] INFO    | Android emulator version 32.1.14.0 (build_id 10330179) (CL:N/A)
&amp#27;[38;5;64m[ADB]&amp#27;[0m [AVD OUTPUT] INFO    | Found systemPath C:\Users\nasee\AppData\Local\Android\Sdk\system-images\android-28\google_apis_playstore\x86\
[debug] &amp#27;[38;5;64m[ADB]&amp#27;[0m No connected devices have been detected
[debug] &amp#27;[38;5;64m[ADB]&amp#27;[0m 0 emulators connected
[debug] &amp#27;[38;5;64m[ADB]&amp#27;[0m Emulator 'Pixel_6' not running
&amp#27;[38;5;64m[ADB]&amp#27;[0m [AVD OUTPUT] INFO    | Storing crashdata in: C:\Users\nasee\AppData\Local\Temp\\AndroidEmulator\emu-crash.db, detection is enabled
&amp#27;[38;5;64m[ADB]&amp#27;[0m [AVD OUTPUT] INFO    | Duplicate loglines will be removed, if you wish to see each indiviudal line launch with the -log-nofilter flag.
&amp#27;[38;5;64m[ADB]&amp#27;[0m [AVD OUTPUT] INFO    | IPv4 server found: 8.8.8.8
&amp#27;[38;5;64m[ADB]&amp#27;[0m [AVD OUTPUT] INFO    | added library vulkan-1.dll
&amp#27;[38;5;64m[ADB]&amp#27;[0m [AVD OUTPUT] WHPX on Windows 10.0.22621 detected.
&amp#27;[38;5;64m[ADB]&amp#27;[0m [AVD OUTPUT] Windows Hypervisor Platform accelerator is operational
&amp#27;[38;5;64m[ADB]&amp#27;[0m [AVD OUTPUT] WARNING | *** No gRPC protection active, consider launching with the -grpc-use-jwt flag.***
&amp#27;[38;5;64m[ADB]&amp#27;[0m [AVD OUTPUT] INFO    | Started GRPC server at 127.0.0.1:8554, security: Local, auth: none
&amp#27;[38;5;64m[ADB]&amp#27;[0m [AVD OUTPUT] INFO    | Advertising in: C:\Users\nasee\AppData\Local\Temp\avd\running\pid_12928.ini
[debug] &amp#27;[38;5;64m[ADB]&amp#27;[0m Trying to find 'Pixel_6' emulator
[debug] &amp#27;[38;5;64m[ADB]&amp#27;[0m Getting connected emulators
[debug] &amp#27;[38;5;64m[ADB]&amp#27;[0m Getting connected devices
[debug] &amp#27;[38;5;64m[ADB]&amp#27;[0m No connected devices have been detected
[debug] &amp#27;[38;5;64m[ADB]&amp#27;[0m 0 emulators connected
[debug] &amp#27;[38;5;64m[ADB]&amp#27;[0m Emulator 'Pixel_6' not running
[debug] &amp#27;[38;5;64m[ADB]&amp#27;[0m Trying to find 'Pixel_6' emulator
[debug] &amp#27;[38;5;64m[ADB]&amp#27;[0m Getting connected emulators
[debug] &amp#27;[38;5;64m[ADB]&amp#27;[0m Getting connected devices
[debug] &amp#27;[38;5;64m[ADB]&amp#27;[0m No connected devices have been detected
[debug] &amp#27;[38;5;64m[ADB]&amp#27;[0m 0 emulators connected
[debug] &amp#27;[38;5;64m[ADB]&amp#27;[0m Emulator 'Pixel_6' not running
&amp#27;[38;5;64m[ADB]&amp#27;[0m [AVD OUTPUT] INFO    | Setting display: 0 configuration to: 1080x2400, dpi: 420x420 
[debug] &amp#27;[38;5;64m[ADB]&amp#27;[0m Trying to find 'Pixel_6' emulator
[debug] &amp#27;[38;5;64m[ADB]&amp#27;[0m Getting connected emulators
[debug] &amp#27;[38;5;64m[ADB]&amp#27;[0m Getting connected devices
[debug] &amp#27;[38;5;64m[ADB]&amp#27;[0m No connected devices have been detected
[debug] &amp#27;[38;5;64m[ADB]&amp#27;[0m 0 emulators connected
[debug] &amp#27;[38;5;64m[ADB]&amp#27;[0m Emulator 'Pixel_6' not running
[debug] &amp#27;[38;5;64m[ADB]&amp#27;[0m Trying to find 'Pixel_6' emulator
[debug] &amp#27;[38;5;64m[ADB]&amp#27;[0m Getting connected emulators
[debug] &amp#27;[38;5;64m[ADB]&amp#27;[0m Getting connected devices
[debug] &amp#27;[38;5;64m[ADB]&amp#27;[0m No connected devices have been detected
[debug] &amp#27;[38;5;64m[ADB]&amp#27;[0m 0 emulators connected
[debug] &amp#27;[38;5;64m[ADB]&amp#27;[0m Emulator 'Pixel_6' not running
[debug] &amp#27;[38;5;64m[ADB]&amp#27;[0m Trying to find 'Pixel_6' emulator
[debug] &amp#27;[38;5;64m[ADB]&amp#27;[0m Getting connected emulators
[debug] &amp#27;[38;5;64m[ADB]&amp#27;[0m Getting connected devices
[debug] &amp#27;[38;5;64m[ADB]&amp#27;[0m No connected devices have been detected
[debug] &amp#27;[38;5;64m[ADB]&amp#27;[0m 0 emulators connected
[debug] &amp#27;[38;5;64m[ADB]&amp#27;[0m Emulator 'Pixel_6' not running
[debug] &amp#27;[38;5;64m[ADB]&amp#27;[0m Trying to find 'Pixel_6' emulator
[debug] &amp#27;[38;5;64m[ADB]&amp#27;[0m Getting connected emulators
[debug] &amp#27;[38;5;64m[ADB]&amp#27;[0m Getting connected devices
[debug] &amp#27;[38;5;64m[ADB]&amp#27;[0m No connected devices have been detected
[debug] &amp#27;[38;5;64m[ADB]&amp#27;[0m 0 emulators connected
[debug] &amp#27;[38;5;64m[ADB]&amp#27;[0m Emulator 'Pixel_6' not running
[debug] &amp#27;[38;5;64m[ADB]&amp#27;[0m Trying to find 'Pixel_6' emulator
[debug] &amp#27;[38;5;64m[ADB]&amp#27;[0m Getting connected emulators
[debug] &amp#27;[38;5;64m[ADB]&amp#27;[0m Getting connected devices
[debug] &amp#27;[38;5;64m[ADB]&amp#27;[0m No connected devices have been detected
[debug] &amp#27;[38;5;64m[ADB]&amp#27;[0m 0 emulators connected
[debug] &amp#27;[38;5;64m[ADB]&amp#27;[0m Emulator 'Pixel_6' not running
[debug] &amp#27;[38;5;64m[ADB]&amp#27;[0m Trying to find 'Pixel_6' emulator
[debug] &amp#27;[38;5;64m[ADB]&amp#27;[0m Getting connected emulators
[debug] &amp#27;[38;5;64m[ADB]&amp#27;[0m Getting connected devices
[debug] &amp#27;[38;5;64m[ADB]&amp#27;[0m No connected devices have been detected
[debug] &amp#27;[38;5;64m[ADB]&amp#27;[0m 0 emulators connected
[debug] &amp#27;[38;5;64m[ADB]&amp#27;[0m Emulator 'Pixel_6' not running
[debug] &amp#27;[38;5;64m[ADB]&amp#27;[0m Trying to find 'Pixel_6' emulator
[debug] &amp#27;[38;5;64m[ADB]&amp#27;[0m Getting connected emulators
[debug] &amp#27;[38;5;64m[ADB]&amp#27;[0m Getting connected devices
[debug] &amp#27;[38;5;64m[ADB]&amp#27;[0m No connected devices have been detected
[debug] &amp#27;[38;5;64m[ADB]&amp#27;[0m 0 emulators connected
[debug] &amp#27;[38;5;64m[ADB]&amp#27;[0m Emulator 'Pixel_6' not running
[debug] &amp#27;[38;5;64m[ADB]&amp#27;[0m Trying to find 'Pixel_6' emulator
[debug] &amp#27;[38;5;64m[ADB]&amp#27;[0m Getting connected emulators
[debug] &amp#27;[38;5;64m[ADB]&amp#27;[0m Getting connected devices
[debug] &amp#27;[38;5;64m[ADB]&amp#27;[0m No connected devices have been detected
[debug] &amp#27;[38;5;64m[ADB]&amp#27;[0m 0 emulators connected
[debug] &amp#27;[38;5;64m[ADB]&amp#27;[0m Emulator 'Pixel_6' not running
[debug] &amp#27;[38;5;64m[ADB]&amp#27;[0m Trying to find 'Pixel_6' emulator
[debug] &amp#27;[38;5;64m[ADB]&amp#27;[0m Getting connected emulators
[debug] &amp#27;[38;5;64m[ADB]&amp#27;[0m Getting connected devices
[debug] &amp#27;[38;5;64m[ADB]&amp#27;[0m No connected devices have been detected
[debug] &amp#27;[38;5;64m[ADB]&amp#27;[0m 0 emulators connected
[debug] &amp#27;[38;5;64m[ADB]&amp#27;[0m Emulator 'Pixel_6' not running
[debug] &amp#27;[38;5;64m[ADB]&amp#27;[0m Trying to find 'Pixel_6' emulator
[debug] &amp#27;[38;5;64m[ADB]&amp#27;[0m Getting connected emulators
[debug] &amp#27;[38;5;64m[ADB]&amp#27;[0m Getting connected devices
[debug] &amp#27;[38;5;64m[ADB]&amp#27;[0m No connected devices have been detected
[debug] &amp#27;[38;5;64m[ADB]&amp#27;[0m 0 emulators connected
[debug] &amp#27;[38;5;64m[ADB]&amp#27;[0m Emulator 'Pixel_6' not running
[debug] &amp#27;[38;5;64m[ADB]&amp#27;[0m Trying to find 'Pixel_6' emulator
[debug] &amp#27;[38;5;64m[ADB]&amp#27;[0m Getting connected emulators
[debug] &amp#27;[38;5;64m[ADB]&amp#27;[0m Getting connected devices
[debug] &amp#27;[38;5;64m[ADB]&amp#27;[0m No connected devices have been detected
[debug] &amp#27;[38;5;64m[ADB]&amp#27;[0m 0 emulators connected
[debug] &amp#27;[38;5;64m[ADB]&amp#27;[0m Emulator 'Pixel_6' not running
[debug] &amp#27;[38;5;64m[ADB]&amp#27;[0m Trying to find 'Pixel_6' emulator
[debug] &amp#27;[38;5;64m[ADB]&amp#27;[0m Getting connected emulators
[debug] &amp#27;[38;5;64m[ADB]&amp#27;[0m Getting connected devices
[debug] &amp#27;[38;5;64m[ADB]&amp#27;[0m No connected devices have been detected
[debug] &amp#27;[38;5;64m[ADB]&amp#27;[0m 0 emulators connected
[debug] &amp#27;[38;5;64m[ADB]&amp#27;[0m Emulator 'Pixel_6' not running
[debug] &amp#27;[38;5;64m[ADB]&amp#27;[0m Trying to find 'Pixel_6' emulator
[debug] &amp#27;[38;5;64m[ADB]&amp#27;[0m Getting connected emulators
[debug] &amp#27;[38;5;64m[ADB]&amp#27;[0m Getting connected devices
[debug] &amp#27;[38;5;64m[ADB]&amp#27;[0m No connected devices have been detected
[debug] &amp#27;[38;5;64m[ADB]&amp#27;[0m 0 emulators connected
[debug] &amp#27;[38;5;64m[ADB]&amp#27;[0m Emulator 'Pixel_6' not running
[debug] &amp#27;[38;5;64m[ADB]&amp#27;[0m Trying to find 'Pixel_6' emulator
[debug] &amp#27;[38;5;64m[ADB]&amp#27;[0m Getting connected emulators
[debug] &amp#27;[38;5;64m[ADB]&amp#27;[0m Getting connected devices
[debug] &amp#27;[38;5;64m[ADB]&amp#27;[0m No connected devices have been detected
[debug] &amp#27;[38;5;64m[ADB]&amp#27;[0m 0 emulators connected
[debug] &amp#27;[38;5;64m[ADB]&amp#27;[0m Emulator 'Pixel_6' not running
[debug] &amp#27;[38;5;64m[ADB]&amp#27;[0m Trying to find 'Pixel_6' emulator
[debug] &amp#27;[38;5;64m[ADB]&amp#27;[0m Getting connected emulators
[debug] &amp#27;[38;5;64m[ADB]&amp#27;[0m Getting connected devices
[debug] &amp#27;[38;5;64m[ADB]&amp#27;[0m No connected devices have been detected
[debug] &amp#27;[38;5;64m[ADB]&amp#27;[0m 0 emulators connected
[debug] &amp#27;[38;5;64m[ADB]&amp#27;[0m Emulator 'Pixel_6' not running
[debug] &amp#27;[38;5;64m[ADB]&amp#27;[0m Trying to find 'Pixel_6' emulator
[debug] &amp#27;[38;5;64m[ADB]&amp#27;[0m Getting connected emulators
[debug] &amp#27;[38;5;64m[ADB]&amp#27;[0m Getting connected devices
[debug] &amp#27;[38;5;64m[ADB]&amp#27;[0m No connected devices have been detected
[debug] &amp#27;[38;5;64m[ADB]&amp#27;[0m 0 emulators connected
[debug] &amp#27;[38;5;64m[ADB]&amp#27;[0m Emulator 'Pixel_6' not running
[debug] &amp#27;[38;5;64m[ADB]&amp#27;[0m Trying to find 'Pixel_6' emulator
[debug] &amp#27;[38;5;64m[ADB]&amp#27;[0m Getting connected emulators
[debug] &amp#27;[38;5;64m[ADB]&amp#27;[0m Getting connected devices
[debug] &amp#27;[38;5;64m[ADB]&amp#27;[0m No connected devices have been detected
[debug] &amp#27;[38;5;64m[ADB]&amp#27;[0m 0 emulators connected
[debug] &amp#27;[38;5;64m[ADB]&amp#27;[0m Emulator 'Pixel_6' not running
[debug] &amp#27;[38;5;64m[ADB]&amp#27;[0m Trying to find 'Pixel_6' emulator
[debug] &amp#27;[38;5;64m[ADB]&amp#27;[0m Getting connected emulators
[debug] &amp#27;[38;5;64m[ADB]&amp#27;[0m Getting connected devices
[debug] &amp#27;[38;5;64m[ADB]&amp#27;[0m No connected devices have been detected
[debug] &amp#27;[38;5;64m[ADB]&amp#27;[0m 0 emulators connected
[debug] &amp#27;[38;5;64m[ADB]&amp#27;[0m Emulator 'Pixel_6' not running
&amp#27;[38;5;64m[ADB]&amp#27;[0m [AVD OUTPUT] INFO    | Boot completed
&amp#27;[38;5;64m[ADB]&amp#27;[0m [AVD OUTPUT] INFO    | Increasing screen off timeout, logcat buffer size to 2M.
&amp#27;[38;5;64m[ADB]&amp#27;[0m [AVD OUTPUT] INFO    | Revoking microphone permissions for Google App.
[debug] &amp#27;[38;5;64m[ADB]&amp#27;[0m Trying to find 'Pixel_6' emulator
[debug] &amp#27;[38;5;64m[ADB]&amp#27;[0m Getting connected emulators
[debug] &amp#27;[38;5;64m[ADB]&amp#27;[0m Getting connected devices
[debug] &amp#27;[38;5;64m[ADB]&amp#27;[0m Connected devices: [{"udid":"emulator-5554","state":"device"}]
[debug] &amp#27;[38;5;64m[ADB]&amp#27;[0m 1 emulator connected
[debug] &amp#27;[38;5;64m[ADB]&amp#27;[0m Overriding C:\Users\nasee\.emulator_console_auth_token with an empty string to avoid telnet authentication for emulator commands
[debug] &amp#27;[38;5;64m[ADB]&amp#27;[0m Executing Emulator console command: avd name
[debug] &amp#27;[38;5;64m[ADB]&amp#27;[0m Found emulator 'Pixel_6' on port 5554
[debug] &amp#27;[38;5;64m[ADB]&amp#27;[0m Setting device id to emulator-5554
[debug] &amp#27;[38;5;64m[ADB]&amp#27;[0m Running 'C:\Users\nasee\AppData\Local\Android\Sdk\platform-tools\adb.exe -P 5037 -s emulator-5554 wait-for-device'
[debug] &amp#27;[38;5;64m[ADB]&amp#27;[0m Running 'C:\Users\nasee\AppData\Local\Android\Sdk\platform-tools\adb.exe -P 5037 -s emulator-5554 shell getprop ro.build.version.sdk'
[debug] &amp#27;[38;5;64m[ADB]&amp#27;[0m Current device property 'ro.build.version.sdk': 28
&amp#27;[38;5;64m[ADB]&amp#27;[0m Getting device platform version
[debug] &amp#27;[38;5;64m[ADB]&amp#27;[0m Running 'C:\Users\nasee\AppData\Local\Android\Sdk\platform-tools\adb.exe -P 5037 -s emulator-5554 shell getprop ro.build.version.release'
[debug] &amp#27;[38;5;64m[ADB]&amp#27;[0m Current device property 'ro.build.version.release': 9
[debug] &amp#27;[38;5;64m[ADB]&amp#27;[0m Device API level: 28
[debug] &amp#27;[38;5;64m[ADB]&amp#27;[0m Running 'C:\Users\nasee\AppData\Local\Android\Sdk\platform-tools\adb.exe -P 5037 -s emulator-5554 shell service list'
&amp#27;[38;5;80m[AndroidDriver]&amp#27;[0m Using device: emulator-5554
&amp#27;[38;5;64m[ADB]&amp#27;[0m Using 'adb.exe' from 'C:\Users\nasee\AppData\Local\Android\Sdk\platform-tools\adb.exe'
[debug] &amp#27;[38;5;64m[ADB]&amp#27;[0m Running 'C:\Users\nasee\AppData\Local\Android\Sdk\platform-tools\adb.exe -P 5037 start-server'
[debug] &amp#27;[38;5;64m[ADB]&amp#27;[0m Setting device id to emulator-5554
[debug] &amp#27;[38;5;64m[ADB]&amp#27;[0m Running 'C:\Users\nasee\AppData\Local\Android\Sdk\platform-tools\adb.exe -P 5037 -s emulator-5554 shell getprop ro.build.version.sdk'
[debug] &amp#27;[38;5;64m[ADB]&amp#27;[0m Current device property 'ro.build.version.sdk': 28
&amp#27;[38;5;64m[ADB]&amp#27;[0m Getting device platform version
[debug] &amp#27;[38;5;64m[ADB]&amp#27;[0m Running 'C:\Users\nasee\AppData\Local\Android\Sdk\platform-tools\adb.exe -P 5037 -s emulator-5554 shell getprop ro.build.version.release'
[debug] &amp#27;[38;5;64m[ADB]&amp#27;[0m Current device property 'ro.build.version.release': 9
[debug] &amp#27;[38;5;64m[ADB]&amp#27;[0m Device API level: 28
&amp#27;[38;5;32m[AndroidUiautomator2Driver@7f2d (73149194)]&amp#27;[0m Relaxing hidden api policy
[debug] &amp#27;[38;5;64m[ADB]&amp#27;[0m Running 'C:\Users\nasee\AppData\Local\Android\Sdk\platform-tools\adb.exe -P 5037 -s emulator-5554 shell 'settings put global hidden_api_policy_pre_p_apps 1;settings put global hidden_api_policy_p_apps 1;settings put global hidden_api_policy 1''
[debug] &amp#27;[38;5;80m[AndroidDriver]&amp#27;[0m Parsing package and activity from app manifest
&amp#27;[38;5;64m[ADB]&amp#27;[0m Package name: 'io.appium.android.apis'
&amp#27;[38;5;64m[ADB]&amp#27;[0m Main activity name: 'ApiDemos'
[debug] &amp#27;[38;5;80m[AndroidDriver]&amp#27;[0m Parsed package and activity are: io.appium.android.apis/ApiDemos
[debug] &amp#27;[38;5;64m[ADB]&amp#27;[0m Running 'C:\Users\nasee\AppData\Local\Android\Sdk\platform-tools\adb.exe -P 5037 -s emulator-5554 wait-for-device'
[debug] &amp#27;[38;5;64m[ADB]&amp#27;[0m Running 'C:\Users\nasee\AppData\Local\Android\Sdk\platform-tools\adb.exe -P 5037 -s emulator-5554 shell echo ping'
[debug] &amp#27;[38;5;80m[AndroidDriver]&amp#27;[0m Pushing settings apk to device...
[debug] &amp#27;[38;5;64m[ADB]&amp#27;[0m Getting package info for 'io.appium.settings'
[debug] &amp#27;[38;5;64m[ADB]&amp#27;[0m Running 'C:\Users\nasee\AppData\Local\Android\Sdk\platform-tools\adb.exe -P 5037 -s emulator-5554 shell dumpsys package io.appium.settings'
[debug] &amp#27;[38;5;64m[ADB]&amp#27;[0m The version name of the installed 'io.appium.settings' is greater or equal to the application version name ('5.0.5' >= '5.0.5')
[debug] &amp#27;[38;5;64m[ADB]&amp#27;[0m There is no need to install/upgrade 'C:\Users\nasee\node_modules\appium-uiautomator2-driver\node_modules\io.appium.settings\apks\settings_apk-debug.apk'
[debug] &amp#27;[38;5;64m[ADB]&amp#27;[0m Getting IDs of all 'io.appium.settings' processes
[debug] &amp#27;[38;5;64m[ADB]&amp#27;[0m Running 'C:\Users\nasee\AppData\Local\Android\Sdk\platform-tools\adb.exe -P 5037 -s emulator-5554 shell 'pgrep --help; echo $?''
[debug] &amp#27;[38;5;64m[ADB]&amp#27;[0m Running 'C:\Users\nasee\AppData\Local\Android\Sdk\platform-tools\adb.exe -P 5037 -s emulator-5554 shell pgrep -f \(\[\[:blank:\]\]\|\^\)io\.appium\.settings\(\[\[:blank:\]\]\|\$\)'
[debug] &amp#27;[38;5;64m[ADB]&amp#27;[0m Getting IDs of all 'io.appium.settings' processes
[debug] &amp#27;[38;5;64m[ADB]&amp#27;[0m Running 'C:\Users\nasee\AppData\Local\Android\Sdk\platform-tools\adb.exe -P 5037 -s emulator-5554 shell pgrep -f \(\[\[:blank:\]\]\|\^\)io\.appium\.settings\(\[\[:blank:\]\]\|\$\)'
[debug] &amp#27;[38;5;64m[ADB]&amp#27;[0m Starting Appium Settings app
[debug] &amp#27;[38;5;64m[ADB]&amp#27;[0m Running 'C:\Users\nasee\AppData\Local\Android\Sdk\platform-tools\adb.exe -P 5037 -s emulator-5554 shell am start -n io.appium.settings/.Settings -a android.intent.action.MAIN -c android.intent.category.LAUNCHER'
[debug] &amp#27;[38;5;64m[ADB]&amp#27;[0m Getting IDs of all 'io.appium.settings' processes
[debug] &amp#27;[38;5;64m[ADB]&amp#27;[0m Running 'C:\Users\nasee\AppData\Local\Android\Sdk\platform-tools\adb.exe -P 5037 -s emulator-5554 shell pgrep -f \(\[\[:blank:\]\]\|\^\)io\.appium\.settings\(\[\[:blank:\]\]\|\$\)'
[debug] &amp#27;[38;5;64m[ADB]&amp#27;[0m Getting IDs of all 'io.appium.settings' processes
[debug] &amp#27;[38;5;64m[ADB]&amp#27;[0m Running 'C:\Users\nasee\AppData\Local\Android\Sdk\platform-tools\adb.exe -P 5037 -s emulator-5554 shell pgrep -f \(\[\[:blank:\]\]\|\^\)io\.appium\.settings\(\[\[:blank:\]\]\|\$\)'
[debug] &amp#27;[38;5;64m[ADB]&amp#27;[0m Getting IDs of all 'io.appium.settings' processes
[debug] &amp#27;[38;5;64m[ADB]&amp#27;[0m Running 'C:\Users\nasee\AppData\Local\Android\Sdk\platform-tools\adb.exe -P 5037 -s emulator-5554 shell pgrep -f \(\[\[:blank:\]\]\|\^\)io\.appium\.settings\(\[\[:blank:\]\]\|\$\)'
[debug] &amp#27;[38;5;64m[ADB]&amp#27;[0m Getting IDs of all 'io.appium.settings' processes
[debug] &amp#27;[38;5;64m[ADB]&amp#27;[0m Running 'C:\Users\nasee\AppData\Local\Android\Sdk\platform-tools\adb.exe -P 5037 -s emulator-5554 shell pgrep -f \(\[\[:blank:\]\]\|\^\)io\.appium\.settings\(\[\[:blank:\]\]\|\$\)'
[debug] &amp#27;[38;5;96m[Logcat]&amp#27;[0m Starting logs capture with command: C:\\Users\\nasee\\AppData\\Local\\Android\\Sdk\\platform-tools\\adb.exe -P 5037 -s emulator-5554 logcat -v threadtime
[debug] &amp#27;[38;5;32m[AndroidUiautomator2Driver@7f2d (73149194)]&amp#27;[0m Forwarding UiAutomator2 Server port 6790 to local port 8200
[debug] &amp#27;[38;5;64m[ADB]&amp#27;[0m Forwarding system: 8200 to device: 6790
[debug] &amp#27;[38;5;64m[ADB]&amp#27;[0m Running 'C:\Users\nasee\AppData\Local\Android\Sdk\platform-tools\adb.exe -P 5037 -s emulator-5554 forward tcp:8200 tcp:6790'
[debug] &amp#27;[38;5;64m[ADB]&amp#27;[0m Checking app cert for C:\Users\nasee\node_modules\appium-uiautomator2-driver\node_modules\appium-uiautomator2-server\apks\appium-uiautomator2-server-v5.12.2.apk
[debug] &amp#27;[38;5;64m[ADB]&amp#27;[0m Checking app cert for C:\Users\nasee\node_modules\appium-uiautomator2-driver\node_modules\appium-uiautomator2-server\apks\appium-uiautomator2-server-debug-androidTest.apk
&amp#27;[38;5;64m[ADB]&amp#27;[0m Using 'apksigner.jar' from 'C:\Users\nasee\AppData\Local\Android\Sdk\build-tools\34.0.0\lib\apksigner.jar'
[debug] &amp#27;[38;5;64m[ADB]&amp#27;[0m Starting apksigner: 'C:\\Program Files\\Java\\jdk-11\\bin\\java.exe' -Xmx1024M -Xss1m -jar C:\\Users\\nasee\\AppData\\Local\\Android\\Sdk\\build-tools\\34.0.0\\lib\\apksigner.jar verify --print-certs C:\\Users\\nasee\\node_modules\\appium-uiautomator2-driver\\node_modules\\appium-uiautomator2-server\\apks\\appium-uiautomator2-server-debug-androidTest.apk
[debug] &amp#27;[38;5;64m[ADB]&amp#27;[0m Starting apksigner: 'C:\\Program Files\\Java\\jdk-11\\bin\\java.exe' -Xmx1024M -Xss1m -jar C:\\Users\\nasee\\AppData\\Local\\Android\\Sdk\\build-tools\\34.0.0\\lib\\apksigner.jar verify --print-certs C:\\Users\\nasee\\node_modules\\appium-uiautomator2-driver\\node_modules\\appium-uiautomator2-server\\apks\\appium-uiautomator2-server-v5.12.2.apk
[debug] &amp#27;[38;5;64m[ADB]&amp#27;[0m apksigner stdout: Signer #1 certificate DN: EMAILADDRESS=android@android.com, CN=Android, OU=Android, O=Android, L=Mountain View, ST=California, C=US
[debug] &amp#27;[38;5;64m[ADB]&amp#27;[0m Signer #1 certificate SHA-256 digest: a40da80a59d170caa950cf15c18c454d47a39b26989d8b640ecd745ba71bf5dc
[debug] &amp#27;[38;5;64m[ADB]&amp#27;[0m Signer #1 certificate SHA-1 digest: 61ed377e85d386a8dfee6b864bd85b0bfaa5af81
[debug] &amp#27;[38;5;64m[ADB]&amp#27;[0m Signer #1 certificate MD5 digest: e89b158e4bcf988ebd09eb83f5378e87
[debug] &amp#27;[38;5;64m[ADB]&amp#27;[0m 
[debug] &amp#27;[38;5;64m[ADB]&amp#27;[0m sha256 hash did match for 'appium-uiautomator2-server-debug-androidTest.apk'
&amp#27;[38;5;64m[ADB]&amp#27;[0m 'C:\Users\nasee\node_modules\appium-uiautomator2-driver\node_modules\appium-uiautomator2-server\apks\appium-uiautomator2-server-debug-androidTest.apk' is signed with the default certificate
[debug] &amp#27;[38;5;64m[ADB]&amp#27;[0m Getting install status for io.appium.uiautomator2.server.test
[debug] &amp#27;[38;5;64m[ADB]&amp#27;[0m Running 'C:\Users\nasee\AppData\Local\Android\Sdk\platform-tools\adb.exe -P 5037 -s emulator-5554 shell pm path io.appium.uiautomator2.server.test'
&amp#27;[38;5;64m[ADB]&amp#27;[0m [AVD OUTPUT] ERROR   | bad color buffer handle 0x73
[debug] &amp#27;[38;5;64m[ADB]&amp#27;[0m apksigner stdout: Signer #1 certificate DN: EMAILADDRESS=android@android.com, CN=Android, OU=Android, O=Android, L=Mountain View, ST=California, C=US
[debug] &amp#27;[38;5;64m[ADB]&amp#27;[0m Signer #1 certificate SHA-256 digest: a40da80a59d170caa950cf15c18c454d47a39b26989d8b640ecd745ba71bf5dc
[debug] &amp#27;[38;5;64m[ADB]&amp#27;[0m Signer #1 certificate SHA-1 digest: 61ed377e85d386a8dfee6b864bd85b0bfaa5af81
[debug] &amp#27;[38;5;64m[ADB]&amp#27;[0m Signer #1 certificate MD5 digest: e89b158e4bcf988ebd09eb83f5378e87
[debug] &amp#27;[38;5;64m[ADB]&amp#27;[0m 
[debug] &amp#27;[38;5;64m[ADB]&amp#27;[0m sha256 hash did match for 'appium-uiautomator2-server-v5.12.2.apk'
&amp#27;[38;5;64m[ADB]&amp#27;[0m 'C:\Users\nasee\node_modules\appium-uiautomator2-driver\node_modules\appium-uiautomator2-server\apks\appium-uiautomator2-server-v5.12.2.apk' is signed with the default certificate
[debug] &amp#27;[38;5;64m[ADB]&amp#27;[0m Getting package info for 'io.appium.uiautomator2.server'
[debug] &amp#27;[38;5;64m[ADB]&amp#27;[0m Running 'C:\Users\nasee\AppData\Local\Android\Sdk\platform-tools\adb.exe -P 5037 -s emulator-5554 shell dumpsys package io.appium.uiautomator2.server'
[debug] &amp#27;[38;5;64m[ADB]&amp#27;[0m 'io.appium.uiautomator2.server.test' is installed
[debug] &amp#27;[38;5;64m[ADB]&amp#27;[0m The version name of the installed 'io.appium.uiautomator2.server' is greater or equal to the application version name ('5.12.2' >= '5.12.2')
[debug] &amp#27;[38;5;32m[AndroidUiautomator2Driver@7f2d (73149194)]&amp#27;[0m Server packages status: [{"wasSigned":true,"installState":"sameVersionInstalled","appPath":"C:\\Users\\nasee\\node_modules\\appium-uiautomator2-driver\\node_modules\\appium-uiautomator2-server\\apks\\appium-uiautomator2-server-v5.12.2.apk","appId":"io.appium.uiautomator2.server"},{"wasSigned":true,"installState":"sameVersionInstalled","appPath":"C:\\Users\\nasee\\node_modules\\appium-uiautomator2-driver\\node_modules\\appium-uiautomator2-server\\apks\\appium-uiautomator2-server-debug-androidTest.apk","appId":"io.appium.uiautomator2.server.test"}]
&amp#27;[38;5;32m[AndroidUiautomator2Driver@7f2d (73149194)]&amp#27;[0m Server packages are not going to be (re)installed
[debug] &amp#27;[38;5;32m[AndroidUiautomator2Driver@7f2d (73149194)]&amp#27;[0m Waiting up to 30000ms for services to be available
[debug] &amp#27;[38;5;64m[ADB]&amp#27;[0m Running 'C:\Users\nasee\AppData\Local\Android\Sdk\platform-tools\adb.exe -P 5037 -s emulator-5554 shell pm list instrumentation'
[debug] &amp#27;[38;5;32m[AndroidUiautomator2Driver@7f2d (73149194)]&amp#27;[0m Instrumentation target 'io.appium.uiautomator2.server.test/androidx.test.runner.AndroidJUnitRunner' is available
&amp#27;[38;5;64m[ADB]&amp#27;[0m Adding packages ["io.appium.settings","io.appium.uiautomator2.server","io.appium.uiautomator2.server.test"] to Doze whitelist
[debug] &amp#27;[38;5;64m[ADB]&amp#27;[0m Got the following command chunks to execute: [["dumpsys","deviceidle","whitelist","+io.appium.settings",";","dumpsys","deviceidle","whitelist","+io.appium.uiautomator2.server",";","dumpsys","deviceidle","whitelist","+io.appium.uiautomator2.server.test",";"]]
[debug] &amp#27;[38;5;64m[ADB]&amp#27;[0m Running 'C:\Users\nasee\AppData\Local\Android\Sdk\platform-tools\adb.exe -P 5037 -s emulator-5554 shell dumpsys deviceidle whitelist +io.appium.settings ; dumpsys deviceidle whitelist +io.appium.uiautomator2.server ; dumpsys deviceidle whitelist +io.appium.uiautomator2.server.test ;'
[debug] &amp#27;[38;5;64m[ADB]&amp#27;[0m Checking app cert for C:\Users\nasee\OneDrive\Documents\eclipse-workspace\MobileStudio\resurce\android_apis_v0.4.apk
[debug] &amp#27;[38;5;64m[ADB]&amp#27;[0m Starting apksigner: 'C:\\Program Files\\Java\\jdk-11\\bin\\java.exe' -Xmx1024M -Xss1m -jar C:\\Users\\nasee\\AppData\\Local\\Android\\Sdk\\build-tools\\34.0.0\\lib\\apksigner.jar verify --print-certs C:\\Users\\nasee\\OneDrive\\Documents\\eclipse-workspace\\MobileStudio\\resurce\\android_apis_v0.4.apk
[debug] &amp#27;[38;5;64m[ADB]&amp#27;[0m apksigner stdout: Signer #1 certificate DN: C=CN
[debug] &amp#27;[38;5;64m[ADB]&amp#27;[0m Signer #1 certificate SHA-256 digest: 82220a84b626310879c27ae386c0135e38d5305a9f6bbcb17a9e420db302e6bd
[debug] &amp#27;[38;5;64m[ADB]&amp#27;[0m Signer #1 certificate SHA-1 digest: cb2c4e86e794eb46e3323893ed99ed0aa67f8ac4
[debug] &amp#27;[38;5;64m[ADB]&amp#27;[0m Signer #1 certificate MD5 digest: 5d1fe5de34e33f631878db8113d147e7
[debug] &amp#27;[38;5;64m[ADB]&amp#27;[0m 
&amp#27;[38;5;64m[ADB]&amp#27;[0m 'C:\Users\nasee\OneDrive\Documents\eclipse-workspace\MobileStudio\resurce\android_apis_v0.4.apk' is signed with a non-default certificate
[debug] &amp#27;[38;5;64m[ADB]&amp#27;[0m Getting package info for 'io.appium.android.apis'
[debug] &amp#27;[38;5;64m[ADB]&amp#27;[0m Running 'C:\Users\nasee\AppData\Local\Android\Sdk\platform-tools\adb.exe -P 5037 -s emulator-5554 shell dumpsys package io.appium.android.apis'
[debug] &amp#27;[38;5;64m[ADB]&amp#27;[0m The version name of the installed 'io.appium.android.apis' is greater or equal to the application version name ('0.4.0' >= '0.4.0')
[debug] &amp#27;[38;5;64m[ADB]&amp#27;[0m There is no need to install/upgrade 'C:\Users\nasee\OneDrive\Documents\eclipse-workspace\MobileStudio\resurce\android_apis_v0.4.apk'
&amp#27;[38;5;80m[AndroidDriver]&amp#27;[0m Performing fast reset on 'io.appium.android.apis'
[debug] &amp#27;[38;5;64m[ADB]&amp#27;[0m Getting install status for io.appium.android.apis
[debug] &amp#27;[38;5;64m[ADB]&amp#27;[0m Running 'C:\Users\nasee\AppData\Local\Android\Sdk\platform-tools\adb.exe -P 5037 -s emulator-5554 shell pm path io.appium.android.apis'
[debug] &amp#27;[38;5;64m[ADB]&amp#27;[0m 'io.appium.android.apis' is installed
[debug] &amp#27;[38;5;64m[ADB]&amp#27;[0m Running 'C:\Users\nasee\AppData\Local\Android\Sdk\platform-tools\adb.exe -P 5037 -s emulator-5554 shell am force-stop io.appium.android.apis'
[debug] &amp#27;[38;5;64m[ADB]&amp#27;[0m Running 'C:\Users\nasee\AppData\Local\Android\Sdk\platform-tools\adb.exe -P 5037 -s emulator-5554 shell pm clear io.appium.android.apis'
[debug] &amp#27;[38;5;80m[AndroidDriver]&amp#27;[0m Performed fast reset on the installed 'io.appium.android.apis' application (stop and clear)
[debug] &amp#27;[38;5;32m[AndroidUiautomator2Driver@7f2d (73149194)]&amp#27;[0m Performing shallow cleanup of automation leftovers
[debug] &amp#27;[38;5;32m[AndroidUiautomator2Driver@7f2d (73149194)]&amp#27;[0m No obsolete sessions have been detected (socket hang up)
[debug] &amp#27;[38;5;64m[ADB]&amp#27;[0m Running 'C:\Users\nasee\AppData\Local\Android\Sdk\platform-tools\adb.exe -P 5037 -s emulator-5554 shell am force-stop io.appium.uiautomator2.server.test'
&amp#27;[38;5;32m[AndroidUiautomator2Driver@7f2d (73149194)]&amp#27;[0m Starting UIAutomator2 server 5.12.2
&amp#27;[38;5;32m[AndroidUiautomator2Driver@7f2d (73149194)]&amp#27;[0m Using UIAutomator2 server from 'C:\Users\nasee\node_modules\appium-uiautomator2-driver\node_modules\appium-uiautomator2-server\apks\appium-uiautomator2-server-v5.12.2.apk' and test from 'C:\Users\nasee\node_modules\appium-uiautomator2-driver\node_modules\appium-uiautomator2-server\apks\appium-uiautomator2-server-debug-androidTest.apk'
&amp#27;[38;5;32m[AndroidUiautomator2Driver@7f2d (73149194)]&amp#27;[0m Waiting up to 30000ms for UiAutomator2 to be online...
[debug] &amp#27;[38;5;64m[ADB]&amp#27;[0m Creating ADB subprocess with args: ["-P","5037","-s","emulator-5554","shell","am","instrument","-w","-e","disableAnalytics",true,"io.appium.uiautomator2.server.test/androidx.test.runner.AndroidJUnitRunner"]
[debug] &amp#27;[38;5;32m[AndroidUiautomator2Driver@7f2d (73149194)]&amp#27;[0m Matched '/status' to command name 'getStatus'
[debug] &amp#27;[38;5;32m[AndroidUiautomator2Driver@7f2d (73149194)]&amp#27;[0m Proxying [GET /status] to [GET http://127.0.0.1:8200/status] with no body
&amp#27;[38;5;32m[AndroidUiautomator2Driver@7f2d (73149194)]&amp#27;[0m socket hang up
[debug] &amp#27;[38;5;32m[AndroidUiautomator2Driver@7f2d (73149194)]&amp#27;[0m Matched '/status' to command name 'getStatus'
[debug] &amp#27;[38;5;32m[AndroidUiautomator2Driver@7f2d (73149194)]&amp#27;[0m Proxying [GET /status] to [GET http://127.0.0.1:8200/status] with no body
&amp#27;[38;5;32m[AndroidUiautomator2Driver@7f2d (73149194)]&amp#27;[0m socket hang up
[debug] &amp#27;[38;5;32m[AndroidUiautomator2Driver@7f2d (73149194)]&amp#27;[0m Matched '/status' to command name 'getStatus'
[debug] &amp#27;[38;5;32m[AndroidUiautomator2Driver@7f2d (73149194)]&amp#27;[0m Proxying [GET /status] to [GET http://127.0.0.1:8200/status] with no body
&amp#27;[38;5;32m[AndroidUiautomator2Driver@7f2d (73149194)]&amp#27;[0m socket hang up
[debug] &amp#27;[38;5;32m[AndroidUiautomator2Driver@7f2d (73149194)]&amp#27;[0m Matched '/status' to command name 'getStatus'
[debug] &amp#27;[38;5;32m[AndroidUiautomator2Driver@7f2d (73149194)]&amp#27;[0m Proxying [GET /status] to [GET http://127.0.0.1:8200/status] with no body
&amp#27;[38;5;32m[AndroidUiautomator2Driver@7f2d (73149194)]&amp#27;[0m socket hang up
[debug] &amp#27;[38;5;32m[AndroidUiautomator2Driver@7f2d (73149194)]&amp#27;[0m Matched '/status' to command name 'getStatus'
[debug] &amp#27;[38;5;32m[AndroidUiautomator2Driver@7f2d (73149194)]&amp#27;[0m Proxying [GET /status] to [GET http://127.0.0.1:8200/status] with no body
&amp#27;[38;5;32m[AndroidUiautomator2Driver@7f2d (73149194)]&amp#27;[0m socket hang up
[debug] &amp#27;[38;5;32m[AndroidUiautomator2Driver@7f2d (73149194)]&amp#27;[0m Matched '/status' to command name 'getStatus'
[debug] &amp#27;[38;5;32m[AndroidUiautomator2Driver@7f2d (73149194)]&amp#27;[0m Proxying [GET /status] to [GET http://127.0.0.1:8200/status] with no body
&amp#27;[38;5;32m[AndroidUiautomator2Driver@7f2d (73149194)]&amp#27;[0m socket hang up
[debug] &amp#27;[38;5;32m[AndroidUiautomator2Driver@7f2d (73149194)]&amp#27;[0m Matched '/status' to command name 'getStatus'
[debug] &amp#27;[38;5;32m[AndroidUiautomator2Driver@7f2d (73149194)]&amp#27;[0m Proxying [GET /status] to [GET http://127.0.0.1:8200/status] with no body
&amp#27;[38;5;32m[AndroidUiautomator2Driver@7f2d (73149194)]&amp#27;[0m socket hang up
[debug] &amp#27;[38;5;32m[AndroidUiautomator2Driver@7f2d (73149194)]&amp#27;[0m Matched '/status' to command name 'getStatus'
[debug] &amp#27;[38;5;32m[AndroidUiautomator2Driver@7f2d (73149194)]&amp#27;[0m Proxying [GET /status] to [GET http://127.0.0.1:8200/status] with no body
&amp#27;[38;5;32m[AndroidUiautomator2Driver@7f2d (73149194)]&amp#27;[0m socket hang up
[debug] &amp#27;[38;5;32m[AndroidUiautomator2Driver@7f2d (73149194)]&amp#27;[0m Matched '/status' to command name 'getStatus'
[debug] &amp#27;[38;5;32m[AndroidUiautomator2Driver@7f2d (73149194)]&amp#27;[0m Proxying [GET /status] to [GET http://127.0.0.1:8200/status] with no body
&amp#27;[38;5;32m[AndroidUiautomator2Driver@7f2d (73149194)]&amp#27;[0m socket hang up
[debug] &amp#27;[38;5;32m[AndroidUiautomator2Driver@7f2d (73149194)]&amp#27;[0m Matched '/status' to command name 'getStatus'
[debug] &amp#27;[38;5;32m[AndroidUiautomator2Driver@7f2d (73149194)]&amp#27;[0m Proxying [GET /status] to [GET http://127.0.0.1:8200/status] with no body
&amp#27;[38;5;32m[AndroidUiautomator2Driver@7f2d (73149194)]&amp#27;[0m socket hang up
[debug] &amp#27;[38;5;32m[AndroidUiautomator2Driver@7f2d (73149194)]&amp#27;[0m Matched '/status' to command name 'getStatus'
[debug] &amp#27;[38;5;32m[AndroidUiautomator2Driver@7f2d (73149194)]&amp#27;[0m Proxying [GET /status] to [GET http://127.0.0.1:8200/status] with no body
&amp#27;[38;5;32m[AndroidUiautomator2Driver@7f2d (73149194)]&amp#27;[0m socket hang up
[debug] &amp#27;[38;5;112m[Instrumentation]&amp#27;[0m io.appium.uiautomator2.server.test.AppiumUiAutomator2Server:
[debug] &amp#27;[38;5;32m[AndroidUiautomator2Driver@7f2d (73149194)]&amp#27;[0m Matched '/status' to command name 'getStatus'
[debug] &amp#27;[38;5;32m[AndroidUiautomator2Driver@7f2d (73149194)]&amp#27;[0m Proxying [GET /status] to [GET http://127.0.0.1:8200/status] with no body
&amp#27;[38;5;32m[AndroidUiautomator2Driver@7f2d (73149194)]&amp#27;[0m socket hang up
[debug] &amp#27;[38;5;32m[AndroidUiautomator2Driver@7f2d (73149194)]&amp#27;[0m Matched '/status' to command name 'getStatus'
[debug] &amp#27;[38;5;32m[AndroidUiautomator2Driver@7f2d (73149194)]&amp#27;[0m Proxying [GET /status] to [GET http://127.0.0.1:8200/status] with no body
[debug] &amp#27;[38;5;32m[AndroidUiautomator2Driver@7f2d (73149194)]&amp#27;[0m Got response with status 200: {"sessionId":"None","value":{"message":"UiAutomator2 Server is ready to accept commands","ready":true}}
[debug] &amp#27;[38;5;32m[AndroidUiautomator2Driver@7f2d (73149194)]&amp#27;[0m The initialization of the instrumentation process took 12324ms
[debug] &amp#27;[38;5;32m[AndroidUiautomator2Driver@7f2d (73149194)]&amp#27;[0m Matched '/session' to command name 'createSession'
[debug] &amp#27;[38;5;32m[AndroidUiautomator2Driver@7f2d (73149194)]&amp#27;[0m Proxying [POST /session] to [POST http://127.0.0.1:8200/session] with body: {"capabilities":{"firstMatch":[{"platform":"LINUX","webStorageEnabled":false,"takesScreenshot":true,"javascriptEnabled":true,"databaseEnabled":false,"networkConnectionEnabled":true,"locationContextEnabled":false,"warnings":{},"desired":{"platformName":"android","app":"C:\\Users\\nasee\\OneDrive\\Documents\\eclipse-workspace\\MobileStudio\\resurce\\android_apis_v0.4.apk","autoAcceptAlerts":true,"automationName":"UiAutomator2","avd":"Pixel_6","avdLaunchTimeout":120000,"avdReadyTimeout":60000,"deviceName":"pixel_6","no-reset":" false","platformVersion":"28","resetKeyboard":false,"udid":"emulator-5554","unicodeKeyboard":false},"platformName":"android","app":"C:\\Users\\nasee\\OneDrive\\Documents\\eclipse-workspace\\MobileStudio\\resurce\\android_apis_v0.4.apk","autoAcceptAlerts":true,"automationName":"UiAutomator2","avd":"Pixel_6","avdLaunchTimeout":120000,"avdReadyTimeout":60000,"deviceName":"emulator-5554","no-reset":" false","platformVersion":"28","resetKeyboard":false,"udid":"emulator-5554","unicodeKeyboar...
[debug] &amp#27;[38;5;32m[AndroidUiautomator2Driver@7f2d (73149194)]&amp#27;[0m Got response with status 200: {"sessionId":"326723c3-52d0-445f-b827-5d972fcacba9","value":{"capabilities":{"firstMatch":[{"platform":"LINUX","webStorageEnabled":false,"takesScreenshot":true,"javascriptEnabled":true,"databaseEnabled":false,"networkConnectionEnabled":true,"locationContextEnabled":false,"warnings":{},"desired":{"platformName":"android","app":"C:\\Users\\nasee\\OneDrive\\Documents\\eclipse-workspace\\MobileStudio\\resurce\\android_apis_v0.4.apk","autoAcceptAlerts":true,"automationName":"UiAutomator2","avd":"Pixel_6","avdLaunchTimeout":120000,"avdReadyTimeout":60000,"deviceName":"pixel_6","no-reset":" false","platformVersion":"28","resetKeyboard":false,"udid":"emulator-5554","unicodeKeyboard":false},"platformName":"android","app":"C:\\Users\\nasee\\OneDrive\\Documents\\eclipse-workspace\\MobileStudio\\resurce\\android_apis_v0.4.apk","autoAcceptAlerts":true,"automationName":"UiAutomator2","avd":"Pixel_6","avdLaunchTimeout":120000,"avdReadyTimeout":60000,"deviceName":"emulator-5554","no-reset":" false","platformVersion":"28",...
&amp#27;[38;5;32m[AndroidUiautomator2Driver@7f2d (73149194)]&amp#27;[0m Determined the downstream protocol as 'W3C'
[debug] &amp#27;[38;5;32m[AndroidUiautomator2Driver@7f2d (73149194)]&amp#27;[0m Proxying [GET /appium/device/info] to [GET http://127.0.0.1:8200/session/326723c3-52d0-445f-b827-5d972fcacba9/appium/device/info] with no body
[debug] &amp#27;[38;5;32m[AndroidUiautomator2Driver@7f2d (73149194)]&amp#27;[0m Got response with status 200: {"sessionId":"326723c3-52d0-445f-b827-5d972fcacba9","value":{"androidId":"0e9ecc71fa698e8a","apiVersion":"28","bluetooth":null,"brand":"google","carrierName":"Android","displayDensity":420,"locale":"en_US","manufacturer":"Google","model":"AOSP on IA Emulator","networks":[{"capabilities":{"SSID":null,"linkDownBandwidthKbps":102400,"linkUpstreamBandwidthKbps":51200,"networkCapabilities":"NET_CAPABILITY_MMS,NET_CAPABILITY_SUPL,NET_CAPABILITY_DUN,NET_CAPABILITY_FOTA,NET_CAPABILITY_IMS,NET_CAPABILITY_CBS,NET_CAPABILITY_IA,NET_CAPABILITY_INTERNET,NET_CAPABILITY_NOT_RESTRICTED,NET_CAPABILITY_TRUSTED,NET_CAPABILITY_NOT_VPN,NET_CAPABILITY_VALIDATED,NET_CAPABILITY_NOT_ROAMING,NET_CAPABILITY_FOREGROUND,NET_CAPABILITY_NOT_CONGESTED,NET_CAPABILITY_NOT_SUSPENDED","signalStrength":-2147483648,"transportTypes":"TRANSPORT_CELLULAR"},"detailedState":"CONNECTED","extraInfo":"epc.tmobile.com","isAvailable":true,"isConnected":true,"isFailover":false,"isRoaming":false,"state":"CONNECTED","subtype":13,"subtypeName":"LTE","type":...
[debug] &amp#27;[38;5;64m[ADB]&amp#27;[0m Running 'C:\Users\nasee\AppData\Local\Android\Sdk\platform-tools\adb.exe -P 5037 -s emulator-5554 shell dumpsys window'
&amp#27;[38;5;80m[AndroidDriver]&amp#27;[0m Screen already unlocked, doing nothing
&amp#27;[38;5;32m[AndroidUiautomator2Driver@7f2d (73149194)]&amp#27;[0m Starting 'io.appium.android.apis/ApiDemos and waiting for 'io.appium.android.apis/ApiDemos'
[debug] &amp#27;[38;5;64m[ADB]&amp#27;[0m Running 'C:\Users\nasee\AppData\Local\Android\Sdk\platform-tools\adb.exe -P 5037 -s emulator-5554 shell am start -W -n io.appium.android.apis/ApiDemos -S -a android.intent.action.MAIN -c android.intent.category.LAUNCHER -f 0x10200000'
[debug] &amp#27;[38;5;64m[ADB]&amp#27;[0m We tried to start an activity that doesn't exist, retrying with '.ApiDemos' activity name
[debug] &amp#27;[38;5;64m[ADB]&amp#27;[0m Running 'C:\Users\nasee\AppData\Local\Android\Sdk\platform-tools\adb.exe -P 5037 -s emulator-5554 shell am start -W -n io.appium.android.apis/.ApiDemos -S -a android.intent.action.MAIN -c android.intent.category.LAUNCHER -f 0x10200000'
[debug] &amp#27;[38;5;64m[ADB]&amp#27;[0m Waiting up to 20000ms for activity matching pkg: 'io.appium.android.apis' and activity: 'ApiDemos' to be focused
[debug] &amp#27;[38;5;64m[ADB]&amp#27;[0m Possible activities, to be checked: 'ApiDemos', 'io.appium.android.apis.ApiDemos'
[debug] &amp#27;[38;5;64m[ADB]&amp#27;[0m Getting focused package and activity
[debug] &amp#27;[38;5;64m[ADB]&amp#27;[0m Running 'C:\Users\nasee\AppData\Local\Android\Sdk\platform-tools\adb.exe -P 5037 -s emulator-5554 shell dumpsys window windows'
[debug] &amp#27;[38;5;64m[ADB]&amp#27;[0m Found package: 'io.appium.android.apis' and fully qualified activity name : 'io.appium.android.apis.ApiDemos'
[debug] &amp#27;[38;5;32m[AndroidUiautomator2Driver@7f2d (73149194)]&amp#27;[0m Proxying [GET /appium/device/pixel_ratio] to [GET http://127.0.0.1:8200/session/326723c3-52d0-445f-b827-5d972fcacba9/appium/device/pixel_ratio] with no body
[debug] &amp#27;[38;5;32m[AndroidUiautomator2Driver@7f2d (73149194)]&amp#27;[0m Got response with status 200: {"sessionId":"326723c3-52d0-445f-b827-5d972fcacba9","value":2.625}
[debug] &amp#27;[38;5;32m[AndroidUiautomator2Driver@7f2d (73149194)]&amp#27;[0m Matched '/appium/device/system_bars' to command name 'getSystemBars'
[debug] &amp#27;[38;5;32m[AndroidUiautomator2Driver@7f2d (73149194)]&amp#27;[0m Proxying [GET /appium/device/system_bars] to [GET http://127.0.0.1:8200/session/326723c3-52d0-445f-b827-5d972fcacba9/appium/device/system_bars] with no body
[debug] &amp#27;[38;5;32m[AndroidUiautomator2Driver@7f2d (73149194)]&amp#27;[0m Got response with status 200: {"sessionId":"326723c3-52d0-445f-b827-5d972fcacba9","value":{"statusBar":63}}
[debug] &amp#27;[38;5;32m[AndroidUiautomator2Driver@7f2d (73149194)]&amp#27;[0m Matched '/window/current/size' to command name 'getWindowSize'
[debug] &amp#27;[38;5;32m[AndroidUiautomator2Driver@7f2d (73149194)]&amp#27;[0m Proxying [GET /window/current/size] to [GET http://127.0.0.1:8200/session/326723c3-52d0-445f-b827-5d972fcacba9/window/current/size] with no body
[debug] &amp#27;[38;5;32m[AndroidUiautomator2Driver@7f2d (73149194)]&amp#27;[0m Got response with status 200: {"sessionId":"326723c3-52d0-445f-b827-5d972fcacba9","value":{"height":2274,"width":1080}}
&amp#27;[38;5;16m[AppiumDriver@a1c3]&amp#27;[0m New AndroidUiautomator2Driver session created successfully, session 73149194-a137-4f64-b408-6248d080a2e4 added to master session list
[debug] &amp#27;[38;5;16m[AppiumDriver@a1c3]&amp#27;[0m Event 'newSessionStarted' logged at 1691199982371 (07:16:22 GMT+0530 (India Standard Time))
[debug] &amp#27;[38;5;32m[AndroidUiautomator2Driver@7f2d (73149194)]&amp#27;[0m Cached the protocol value 'W3C' for the new session 73149194-a137-4f64-b408-6248d080a2e4
[debug] &amp#27;[38;5;32m[AndroidUiautomator2Driver@7f2d (73149194)]&amp#27;[0m Responding to client with driver.createSession() result: {"capabilities":{"platform":"LINUX","webStorageEnabled":false,"takesScreenshot":true,"javascriptEnabled":true,"databaseEnabled":false,"networkConnectionEnabled":true,"locationContextEnabled":false,"warnings":{},"desired":{"platformName":"android","app":"C:\\Users\\nasee\\OneDrive\\Documents\\eclipse-workspace\\MobileStudio\\resurce\\android_apis_v0.4.apk","autoAcceptAlerts":true,"automationName":"UiAutomator2","avd":"Pixel_6","avdLaunchTimeout":120000,"avdReadyTimeout":60000,"deviceName":"pixel_6","no-reset":" false","platformVersion":"28","resetKeyboard":false,"udid":"emulator-5554","unicodeKeyboard":false},"platformName":"android","app":"C:\\Users\\nasee\\OneDrive\\Documents\\eclipse-workspace\\MobileStudio\\resurce\\android_apis_v0.4.apk","autoAcceptAlerts":true,"automationName":"UiAutomator2","avd":"Pixel_6","avdLaunchTimeout":120000,"avdReadyTimeout":60000,"deviceName":"emulator-5554","no-reset":" false","platformVersion":"9","resetKeyboard":false,"udid":"emulator-5554","unicodeKeyboard":false,"device...
&amp#27;[38;5;0m[HTTP]&amp#27;[0m &amp#27;[37m<-- POST /session &amp#27;[39m&amp#27;[32m200&amp#27;[39m &amp#27;[90m57944 ms - 1386&amp#27;[39m
&amp#27;[38;5;0m[HTTP]&amp#27;[0m &amp#27;[90m&amp#27;[39m
]]></system-out>
    <system-err><![CDATA[SLF4J: No SLF4J providers were found.
SLF4J: Defaulting to no-operation (NOP) logger implementation
SLF4J: See https://www.slf4j.org/codes.html#noProviders for further details.
]]></system-err>
  </testcase>
</testsuite>