<?xml version="1.0" encoding="UTF-8"?>
<testng-results ignored="0" total="1" passed="1" failed="0" skipped="0">
  <reporter-output>
  </reporter-output>
  <suite started-at="2023-08-04T23:56:34 IST" name="Suite" finished-at="2023-08-04T23:57:22 IST" duration-ms="47549">
    <groups>
    </groups>
    <test started-at="2023-08-04T23:56:34 IST" name="Test" finished-at="2023-08-04T23:57:22 IST" duration-ms="47549">
      <class name="Mobileauto.emulatorDevice">
        <test-method signature="lunchbrowser()[pri:0, instance:Mobileauto.emulatorDevice@3646a422]" started-at="2023-08-04T23:56:35 IST" name="lunchbrowser" finished-at="2023-08-04T23:57:22 IST" duration-ms="47459" status="PASS">
          <reporter-output>
          </reporter-output>
        </test-method> <!-- lunchbrowser -->
      </class> <!-- Mobileauto.emulatorDevice -->
    </test> <!-- Test -->
  </suite> <!-- Suite -->
</testng-results>
